f:\26.game project m1\nde\ndeproject\ndeproject\release\vc140.pdb
f:\26.game project m1\nde\ndeproject\ndeproject\release\wavebank.obj
f:\26.game project m1\nde\ndeproject\ndeproject\release\soundeffectinstance.obj
f:\26.game project m1\nde\ndeproject\ndeproject\release\soundeffect.obj
f:\26.game project m1\nde\ndeproject\ndeproject\release\soundcommon.obj
f:\26.game project m1\nde\ndeproject\ndeproject\release\dynamicsoundeffectinstance.obj
f:\26.game project m1\nde\ndeproject\ndeproject\release\audioengine.obj
f:\26.game project m1\nde\ndeproject\ndeproject\release\ddstextureloader.obj
f:\26.game project m1\nde\ndeproject\ndeproject\release\commonstates.obj
f:\26.game project m1\nde\ndeproject\ndeproject\release\collision.obj
f:\26.game project m1\nde\ndeproject\ndeproject\release\clientwrapper.obj
f:\26.game project m1\nde\ndeproject\ndeproject\release\camera.obj
f:\26.game project m1\nde\ndeproject\ndeproject\release\button.obj
f:\26.game project m1\nde\ndeproject\ndeproject\release\blender.obj
f:\26.game project m1\nde\ndeproject\ndeproject\release\blastgrenade.obj
f:\26.game project m1\nde\ndeproject\ndeproject\release\binaryreader.obj
f:\26.game project m1\nde\ndeproject\ndeproject\release\baseui.obj
f:\26.game project m1\nde\ndeproject\ndeproject\release\basestate.obj
f:\26.game project m1\nde\ndeproject\ndeproject\release\baseobject.obj
f:\26.game project m1\nde\ndeproject\ndeproject\release\baseitem.obj
f:\26.game project m1\nde\ndeproject\ndeproject\release\animation.obj
f:\26.game project m1\nde\ndeproject\ndeproject\release\pch.obj
f:\26.game project m1\nde\ndeproject\ndeproject\release\particle.obj
f:\26.game project m1\nde\ndeproject\ndeproject\release\objmanager.obj
f:\26.game project m1\nde\ndeproject\ndeproject\release\networkserver.obj
f:\26.game project m1\nde\ndeproject\ndeproject\release\networkplatform.obj
f:\26.game project m1\nde\ndeproject\ndeproject\release\networklobbystate.obj
f:\26.game project m1\nde\ndeproject\ndeproject\release\networkclient.obj
f:\26.game project m1\nde\ndeproject\ndeproject\release\mouse.obj
f:\26.game project m1\nde\ndeproject\ndeproject\release\monster.obj
f:\26.game project m1\nde\ndeproject\ndeproject\release\menustate.obj
f:\26.game project m1\nde\ndeproject\ndeproject\release\main.obj
f:\26.game project m1\nde\ndeproject\ndeproject\release\magnetgranade.obj
f:\26.game project m1\nde\ndeproject\ndeproject\release\log.obj
f:\26.game project m1\nde\ndeproject\ndeproject\release\light.obj
f:\26.game project m1\nde\ndeproject\ndeproject\release\keyitem.obj
f:\26.game project m1\nde\ndeproject\ndeproject\release\keyboard.obj
f:\26.game project m1\nde\ndeproject\ndeproject\release\graphics.obj
f:\26.game project m1\nde\ndeproject\ndeproject\release\game.obj
f:\26.game project m1\nde\ndeproject\ndeproject\release\wavfilereader.obj
f:\26.game project m1\nde\ndeproject\ndeproject\release\wavebankreader.obj
f:\26.game project m1\nde\ndeproject\ndeproject\release\xtime.obj
f:\26.game project m1\nde\ndeproject\ndeproject\release\vertextypes.obj
f:\26.game project m1\nde\ndeproject\ndeproject\release\trap.obj
f:\26.game project m1\nde\ndeproject\ndeproject\release\spritefont.obj
f:\26.game project m1\nde\ndeproject\ndeproject\release\spritebatch.obj
f:\26.game project m1\nde\ndeproject\ndeproject\release\soundmanager.obj
f:\26.game project m1\nde\ndeproject\ndeproject\release\serverwrapper.obj
f:\26.game project m1\nde\ndeproject\ndeproject\release\runner.obj
f:\26.game project m1\nde\ndeproject\ndeproject\release\quad.obj
f:\26.game project m1\nde\ndeproject\ndeproject\release\pocketsand.obj
f:\26.game project m1\nde\ndeproject\ndeproject\release\playstate.obj
f:\26.game project m1\nde\ndeproject\ndeproject\release\player.obj
f:\26.game project m1\nde\ndeproject\ndeproject\release\physics.obj
f:\26.game project m1\nde\ndeproject\ndeproject\animation_vs.csh
f:\26.game project m1\nde\ndeproject\release\animation_vs.cso
f:\26.game project m1\nde\ndeproject\ndeproject\instancing_vs.csh
f:\26.game project m1\nde\ndeproject\release\instancing_vs.cso
f:\26.game project m1\nde\ndeproject\ndeproject\object_ps.csh
f:\26.game project m1\nde\ndeproject\release\object_ps.cso
f:\26.game project m1\nde\ndeproject\ndeproject\object_ps_target.csh
f:\26.game project m1\nde\ndeproject\release\object_ps_target.cso
f:\26.game project m1\nde\ndeproject\ndeproject\object_vs.csh
f:\26.game project m1\nde\ndeproject\release\object_vs.cso
f:\26.game project m1\nde\ndeproject\ndeproject\object_vs_target.csh
f:\26.game project m1\nde\ndeproject\release\object_vs_target.cso
f:\26.game project m1\nde\ndeproject\ndeproject\particle_ps.csh
f:\26.game project m1\nde\ndeproject\release\particle_ps.cso
f:\26.game project m1\nde\ndeproject\ndeproject\particle_vs.csh
f:\26.game project m1\nde\ndeproject\release\particle_vs.cso
f:\26.game project m1\nde\ndeproject\ndeproject\post_processing_ps.csh
f:\26.game project m1\nde\ndeproject\release\post_processing_ps.cso
f:\26.game project m1\nde\ndeproject\ndeproject\post_processing_vs.csh
f:\26.game project m1\nde\ndeproject\release\post_processing_vs.cso
f:\26.game project m1\nde\ndeproject\ndeproject\ui_ps.csh
f:\26.game project m1\nde\ndeproject\release\ui_ps.cso
f:\26.game project m1\nde\ndeproject\ndeproject\ui_vs.csh
f:\26.game project m1\nde\ndeproject\release\ui_vs.cso
f:\26.game project m1\nde\ndeproject\release\ndeproject.exe
f:\26.game project m1\nde\ndeproject\release\ndeproject.ipdb
f:\26.game project m1\nde\ndeproject\release\ndeproject.iobj
f:\26.game project m1\nde\ndeproject\release\ndeproject.pdb
f:\26.game project m1\nde\ndeproject\ndeproject\release\ndeproject.vcxprojresolveassemblyreference.cache
f:\26.game project m1\nde\ndeproject\ndeproject\release\ndeproject.tlog\cl.command.1.tlog
f:\26.game project m1\nde\ndeproject\ndeproject\release\ndeproject.tlog\cl.read.1.tlog
f:\26.game project m1\nde\ndeproject\ndeproject\release\ndeproject.tlog\cl.write.1.tlog
f:\26.game project m1\nde\ndeproject\ndeproject\release\ndeproject.tlog\fxc.command.1.tlog
f:\26.game project m1\nde\ndeproject\ndeproject\release\ndeproject.tlog\fxc.read.1.tlog
f:\26.game project m1\nde\ndeproject\ndeproject\release\ndeproject.tlog\fxc.write.1.tlog
f:\26.game project m1\nde\ndeproject\ndeproject\release\ndeproject.tlog\link.command.1.tlog
f:\26.game project m1\nde\ndeproject\ndeproject\release\ndeproject.tlog\link.read.1.tlog
f:\26.game project m1\nde\ndeproject\ndeproject\release\ndeproject.tlog\link.write.1.tlog
f:\26.game project m1\nde\ndeproject\ndeproject\release\ndeproject.tlog\ndeproject.write.1u.tlog
