f:\26.game project m1\nde\ndeproject\ndeproject\debug\vc140.pdb
f:\26.game project m1\nde\ndeproject\ndeproject\debug\vc140.idb
f:\26.game project m1\nde\ndeproject\ndeproject\debug\networkclient.obj
f:\26.game project m1\nde\ndeproject\ndeproject\debug\networklobbystate.obj
f:\26.game project m1\nde\ndeproject\ndeproject\debug\networkplatform.obj
f:\26.game project m1\nde\ndeproject\ndeproject\debug\networkserver.obj
f:\26.game project m1\nde\ndeproject\ndeproject\debug\objmanager.obj
f:\26.game project m1\nde\ndeproject\ndeproject\debug\particle.obj
f:\26.game project m1\nde\ndeproject\ndeproject\debug\pch.obj
f:\26.game project m1\nde\ndeproject\ndeproject\debug\physics.obj
f:\26.game project m1\nde\ndeproject\ndeproject\debug\player.obj
f:\26.game project m1\nde\ndeproject\ndeproject\debug\playstate.obj
f:\26.game project m1\nde\ndeproject\ndeproject\debug\pocketsand.obj
f:\26.game project m1\nde\ndeproject\ndeproject\debug\quad.obj
f:\26.game project m1\nde\ndeproject\ndeproject\debug\runner.obj
f:\26.game project m1\nde\ndeproject\ndeproject\debug\serverwrapper.obj
f:\26.game project m1\nde\ndeproject\ndeproject\debug\soundmanager.obj
f:\26.game project m1\nde\ndeproject\ndeproject\debug\spritebatch.obj
f:\26.game project m1\nde\ndeproject\ndeproject\debug\spritefont.obj
f:\26.game project m1\nde\ndeproject\ndeproject\debug\trap.obj
f:\26.game project m1\nde\ndeproject\ndeproject\debug\vertextypes.obj
f:\26.game project m1\nde\ndeproject\ndeproject\debug\xtime.obj
f:\26.game project m1\nde\ndeproject\ndeproject\debug\ddstextureloader.obj
f:\26.game project m1\nde\ndeproject\ndeproject\debug\audioengine.obj
f:\26.game project m1\nde\ndeproject\ndeproject\debug\dynamicsoundeffectinstance.obj
f:\26.game project m1\nde\ndeproject\ndeproject\debug\soundcommon.obj
f:\26.game project m1\nde\ndeproject\ndeproject\debug\soundeffect.obj
f:\26.game project m1\nde\ndeproject\ndeproject\debug\soundeffectinstance.obj
f:\26.game project m1\nde\ndeproject\ndeproject\debug\wavebank.obj
f:\26.game project m1\nde\ndeproject\ndeproject\debug\wavebankreader.obj
f:\26.game project m1\nde\ndeproject\ndeproject\debug\wavfilereader.obj
f:\26.game project m1\nde\ndeproject\ndeproject\debug\game.obj
f:\26.game project m1\nde\ndeproject\ndeproject\debug\graphics.obj
f:\26.game project m1\nde\ndeproject\ndeproject\debug\keyboard.obj
f:\26.game project m1\nde\ndeproject\ndeproject\debug\keyitem.obj
f:\26.game project m1\nde\ndeproject\ndeproject\debug\light.obj
f:\26.game project m1\nde\ndeproject\ndeproject\debug\log.obj
f:\26.game project m1\nde\ndeproject\ndeproject\debug\magnetgranade.obj
f:\26.game project m1\nde\ndeproject\ndeproject\debug\main.obj
f:\26.game project m1\nde\ndeproject\ndeproject\debug\menustate.obj
f:\26.game project m1\nde\ndeproject\ndeproject\debug\monster.obj
f:\26.game project m1\nde\ndeproject\ndeproject\debug\mouse.obj
f:\26.game project m1\nde\ndeproject\ndeproject\debug\animation.obj
f:\26.game project m1\nde\ndeproject\ndeproject\debug\baseitem.obj
f:\26.game project m1\nde\ndeproject\ndeproject\debug\baseobject.obj
f:\26.game project m1\nde\ndeproject\ndeproject\debug\basestate.obj
f:\26.game project m1\nde\ndeproject\ndeproject\debug\baseui.obj
f:\26.game project m1\nde\ndeproject\ndeproject\debug\binaryreader.obj
f:\26.game project m1\nde\ndeproject\ndeproject\debug\blastgrenade.obj
f:\26.game project m1\nde\ndeproject\ndeproject\debug\blender.obj
f:\26.game project m1\nde\ndeproject\ndeproject\debug\button.obj
f:\26.game project m1\nde\ndeproject\ndeproject\debug\camera.obj
f:\26.game project m1\nde\ndeproject\ndeproject\debug\clientwrapper.obj
f:\26.game project m1\nde\ndeproject\ndeproject\debug\collision.obj
f:\26.game project m1\nde\ndeproject\ndeproject\debug\commonstates.obj
f:\26.game project m1\nde\ndeproject\ndeproject\animation_vs.csh
f:\26.game project m1\nde\ndeproject\debug\animation_vs.cso
f:\26.game project m1\nde\ndeproject\ndeproject\instancing_vs.csh
f:\26.game project m1\nde\ndeproject\debug\instancing_vs.cso
f:\26.game project m1\nde\ndeproject\ndeproject\object_ps_target.csh
f:\26.game project m1\nde\ndeproject\debug\object_ps_target.cso
f:\26.game project m1\nde\ndeproject\ndeproject\object_vs.csh
f:\26.game project m1\nde\ndeproject\debug\object_vs.cso
f:\26.game project m1\nde\ndeproject\ndeproject\particle_ps.csh
f:\26.game project m1\nde\ndeproject\debug\particle_ps.cso
f:\26.game project m1\nde\ndeproject\ndeproject\particle_vs.csh
f:\26.game project m1\nde\ndeproject\debug\particle_vs.cso
f:\26.game project m1\nde\ndeproject\ndeproject\post_processing_ps.csh
f:\26.game project m1\nde\ndeproject\debug\post_processing_ps.cso
f:\26.game project m1\nde\ndeproject\ndeproject\post_processing_vs.csh
f:\26.game project m1\nde\ndeproject\debug\post_processing_vs.cso
f:\26.game project m1\nde\ndeproject\ndeproject\ui_ps.csh
f:\26.game project m1\nde\ndeproject\debug\ui_ps.cso
f:\26.game project m1\nde\ndeproject\ndeproject\ui_vs.csh
f:\26.game project m1\nde\ndeproject\debug\ui_vs.cso
f:\26.game project m1\nde\ndeproject\ndeproject\object_ps.csh
f:\26.game project m1\nde\ndeproject\debug\object_ps.cso
f:\26.game project m1\nde\ndeproject\debug\ndeproject.ilk
f:\26.game project m1\nde\ndeproject\debug\ndeproject.exe
f:\26.game project m1\nde\ndeproject\debug\ndeproject.pdb
f:\26.game project m1\nde\ndeproject\ndeproject\debug\ndeproject.vcxprojresolveassemblyreference.cache
f:\26.game project m1\nde\ndeproject\ndeproject\debug\light.obj.enc
f:\26.game project m1\nde\ndeproject\ndeproject\debug\ndeproject.tlog\cl.command.1.tlog
f:\26.game project m1\nde\ndeproject\ndeproject\debug\ndeproject.tlog\cl.read.1.tlog
f:\26.game project m1\nde\ndeproject\ndeproject\debug\ndeproject.tlog\cl.write.1.tlog
f:\26.game project m1\nde\ndeproject\ndeproject\debug\ndeproject.tlog\fxc.command.1.tlog
f:\26.game project m1\nde\ndeproject\ndeproject\debug\ndeproject.tlog\fxc.read.1.tlog
f:\26.game project m1\nde\ndeproject\ndeproject\debug\ndeproject.tlog\fxc.write.1.tlog
f:\26.game project m1\nde\ndeproject\ndeproject\debug\ndeproject.tlog\link.command.1.tlog
f:\26.game project m1\nde\ndeproject\ndeproject\debug\ndeproject.tlog\link.read.1.tlog
f:\26.game project m1\nde\ndeproject\ndeproject\debug\ndeproject.tlog\link.write.1.tlog
f:\26.game project m1\nde\ndeproject\ndeproject\debug\ndeproject.tlog\ndeproject.write.1u.tlog
